project/app/build/outputs/logs/manifest-merger-release-report.txt
-- Merging decision tree log ---
manifest
ADDED from src\main\AndroidManifest.xml:2:1-70:12
	package
		ADDED from src\main\AndroidManifest.xml:3:5-40
		INJECTED from src\main\AndroidManifest.xml
		INJECTED from src\main\AndroidManifest.xml
	android:versionName
		ADDED from src\main\AndroidManifest.xml:6:5-30
		INJECTED from src\main\AndroidManifest.xml
		INJECTED from src\main\AndroidManifest.xml
	android:versionCode
		ADDED from src\main\AndroidManifest.xml:5:5-28
		INJECTED from src\main\AndroidManifest.xml
		INJECTED from src\main\AndroidManifest.xml
	xmlns:android
		ADDED from src\main\AndroidManifest.xml:2:11-69
	android:installLocation
		ADDED from src\main\AndroidManifest.xml:4:5-35
uses-sdk
ADDED from src\main\AndroidManifest.xml:8:5-9:41
	android:targetSdkVersion
		ADDED from src\main\AndroidManifest.xml:9:9-38
		INJECTED from src\main\AndroidManifest.xml
		INJECTED from src\main\AndroidManifest.xml
	android:minSdkVersion
		ADDED from src\main\AndroidManifest.xml:8:15-40
application
ADDED from src\main\AndroidManifest.xml:11:5-68:19
	android:label
		ADDED from src\main\AndroidManifest.xml:13:9-44
	android:icon
		ADDED from src\main\AndroidManifest.xml:12:9-43
activity#com.jbproductions.trueios.MainActivity
ADDED from src\main\AndroidManifest.xml:14:9-59:20
	android:label
		ADDED from src\main\AndroidManifest.xml:16:13-48
	android:name
		ADDED from src\main\AndroidManifest.xml:15:13-41
intent-filter#android.intent.action.MAIN+com.anddoes.launcher.THEME
ADDED from src\main\AndroidManifest.xml:17:13-21:29
action#android.intent.action.MAIN
ADDED from src\main\AndroidManifest.xml:18:17-69
	android:name
		ADDED from src\main\AndroidManifest.xml:18:25-66
category#com.anddoes.launcher.THEME
ADDED from src\main\AndroidManifest.xml:20:17-71
	android:name
		ADDED from src\main\AndroidManifest.xml:20:27-68
intent-filter#android.intent.action.MAIN+android.intent.category.INFO
ADDED from src\main\AndroidManifest.xml:22:13-26:29
category#android.intent.category.INFO
ADDED from src\main\AndroidManifest.xml:25:17-73
	android:name
		ADDED from src\main\AndroidManifest.xml:25:27-70
intent-filter#android.intent.action.MAIN+android.intent.category.DEFAULT+com.gau.go.launcherex.theme.gowidget
ADDED from src\main\AndroidManifest.xml:27:13-32:29
action#com.gau.go.launcherex.theme.gowidget
ADDED from src\main\AndroidManifest.xml:29:17-79
	android:name
		ADDED from src\main\AndroidManifest.xml:29:25-76
category#android.intent.category.DEFAULT
ADDED from src\main\AndroidManifest.xml:31:17-76
	android:name
		ADDED from src\main\AndroidManifest.xml:31:27-73
intent-filter#android.intent.action.MAIN+android.intent.category.DEFAULT+com.gau.go.launcherex.theme
ADDED from src\main\AndroidManifest.xml:33:13-38:29
action#com.gau.go.launcherex.theme
ADDED from src\main\AndroidManifest.xml:35:17-70
	android:name
		ADDED from src\main\AndroidManifest.xml:35:25-67
intent-filter#android.intent.category.INFO
ADDED from src\main\AndroidManifest.xml:39:13-41:29
intent-filter#android.intent.action.MAIN+com.fede.launcher.THEME_ICONPACK
ADDED from src\main\AndroidManifest.xml:48:13-52:29
category#com.fede.launcher.THEME_ICONPACK
ADDED from src\main\AndroidManifest.xml:51:17-77
	android:name
		ADDED from src\main\AndroidManifest.xml:51:27-74
intent-filter#android.intent.action.MAIN+android.intent.category.DEFAULT+org.adw.launcher.THEMES
ADDED from src\main\AndroidManifest.xml:53:13-58:29
action#org.adw.launcher.THEMES
ADDED from src\main\AndroidManifest.xml:55:17-66
	android:name
		ADDED from src\main\AndroidManifest.xml:55:25-63
activity#com.jbproductions.trueios.Icons
ADDED from src\main\AndroidManifest.xml:60:9-67:20
	android:label
		ADDED from src\main\AndroidManifest.xml:62:13-57
	android:name
		ADDED from src\main\AndroidManifest.xml:61:13-34
intent-filter#android.intent.category.DEFAULT+org.adw.launcher.icons.ACTION_PICK_ICON
ADDED from src\main\AndroidManifest.xml:63:13-66:29
action#org.adw.launcher.icons.ACTION_PICK_ICON
ADDED from src\main\AndroidManifest.xml:64:17-82
	android:name
		ADDED from src\main\AndroidManifest.xml:64:25-79